sample.interval=20000
"unlist" "as.matrix.data.frame" "as.matrix" "MyKmeans" 
"tcrossprod" "calculate_distance_matrix" "MyKmeans" 
"is.data.frame" "colMeans" "update_M" "MyKmeans" 
"update_M" "MyKmeans" 
"max.col" "MyKmeans" 
"is.data.frame" "colMeans" "update_M" "MyKmeans" 
"tcrossprod" "calculate_distance_matrix" "MyKmeans" 
"is.data.frame" "colMeans" "update_M" "MyKmeans" 
"as.matrix" "max.col" "MyKmeans" 
"is.data.frame" "colMeans" "update_M" "MyKmeans" 
"is.data.frame" "colMeans" "update_M" "MyKmeans" 
"is.data.frame" "colMeans" "update_M" "MyKmeans" 
"max.col" "MyKmeans" 
"is.data.frame" "colMeans" "update_M" "MyKmeans" 
"eval" "which" "max.col" "MyKmeans" 
"is.data.frame" "colMeans" "update_M" "MyKmeans" 
"tcrossprod" "calculate_distance_matrix" "MyKmeans" 
"is.data.frame" "colMeans" "update_M" "MyKmeans" 
"tcrossprod" "calculate_distance_matrix" "MyKmeans" 
"is.data.frame" "colMeans" "update_M" "MyKmeans" 
"is.data.frame" "colMeans" "update_M" "MyKmeans" 
"is.data.frame" "colMeans" "update_M" "MyKmeans" 
"tcrossprod" "calculate_distance_matrix" "MyKmeans" 
"is.data.frame" "colMeans" "update_M" "MyKmeans" 
"is.data.frame" "colMeans" "update_M" "MyKmeans" 
"tcrossprod" "calculate_distance_matrix" "MyKmeans" 
"is.data.frame" "colMeans" "update_M" "MyKmeans" 
"is.data.frame" "colMeans" "update_M" "MyKmeans" 
"tcrossprod" "calculate_distance_matrix" "MyKmeans" 
"is.data.frame" "colMeans" "update_M" "MyKmeans" 
"tcrossprod" "calculate_distance_matrix" "MyKmeans" 
"is.data.frame" "colMeans" "update_M" "MyKmeans" 
"is.data.frame" "colMeans" "update_M" "MyKmeans" 
"tcrossprod" "calculate_distance_matrix" "MyKmeans" 
"is.data.frame" "colMeans" "update_M" "MyKmeans" 
"tcrossprod" "calculate_distance_matrix" "MyKmeans" 
"is.data.frame" "colMeans" "update_M" "MyKmeans" 
"is.data.frame" "colMeans" "update_M" "MyKmeans" 
"tcrossprod" "calculate_distance_matrix" "MyKmeans" 
"is.data.frame" "colMeans" "update_M" "MyKmeans" 
"is.data.frame" "colMeans" "update_M" "MyKmeans" 
"matrix" "calculate_distance_matrix" "MyKmeans" 
"is.data.frame" "colMeans" "update_M" "MyKmeans" 
"tcrossprod" "calculate_distance_matrix" "MyKmeans" 
"is.data.frame" "colMeans" "update_M" "MyKmeans" 
"tcrossprod" "calculate_distance_matrix" "MyKmeans" 
"is.data.frame" "colMeans" "update_M" "MyKmeans" 
"is.data.frame" "colMeans" "update_M" "MyKmeans" 
"tcrossprod" "calculate_distance_matrix" "MyKmeans" 
"is.data.frame" "colMeans" "update_M" "MyKmeans" 
"tcrossprod" "calculate_distance_matrix" "MyKmeans" 
"is.data.frame" "colMeans" "update_M" "MyKmeans" 
"is.data.frame" "colMeans" "update_M" "MyKmeans" 
"tcrossprod" "calculate_distance_matrix" "MyKmeans" 
"is.data.frame" "colMeans" "update_M" "MyKmeans" 
"tcrossprod" "calculate_distance_matrix" "MyKmeans" 
"is.data.frame" "colMeans" "update_M" "MyKmeans" 
"tcrossprod" "calculate_distance_matrix" "MyKmeans" 
"is.data.frame" "colMeans" "update_M" "MyKmeans" 
"tcrossprod" "calculate_distance_matrix" "MyKmeans" 
"is.data.frame" "colMeans" "update_M" "MyKmeans" 
"is.data.frame" "colMeans" "update_M" "MyKmeans" 
"tcrossprod" "calculate_distance_matrix" "MyKmeans" 
"is.data.frame" "colMeans" "update_M" "MyKmeans" 
"update_M" "MyKmeans" 
"tcrossprod" "calculate_distance_matrix" "MyKmeans" 
"is.data.frame" "colMeans" "update_M" "MyKmeans" 
"tcrossprod" "calculate_distance_matrix" "MyKmeans" 
"is.data.frame" "colMeans" "update_M" "MyKmeans" 
"is.data.frame" "colMeans" "update_M" "MyKmeans" 
"tcrossprod" "calculate_distance_matrix" "MyKmeans" 
"is.data.frame" "colMeans" "update_M" "MyKmeans" 
"calculate_distance_matrix" "MyKmeans" 
"is.data.frame" "colMeans" "update_M" "MyKmeans" 
"tcrossprod" "calculate_distance_matrix" "MyKmeans" 
"is.data.frame" "colMeans" "update_M" "MyKmeans" 
"tcrossprod" "calculate_distance_matrix" "MyKmeans" 
"is.data.frame" "colMeans" "update_M" "MyKmeans" 
"tcrossprod" "calculate_distance_matrix" "MyKmeans" 
"is.data.frame" "colMeans" "update_M" "MyKmeans" 
"tcrossprod" "calculate_distance_matrix" "MyKmeans" 
"is.data.frame" "colMeans" "update_M" "MyKmeans" 
"tcrossprod" "calculate_distance_matrix" "MyKmeans" 
"is.data.frame" "colMeans" "update_M" "MyKmeans" 
"tcrossprod" "calculate_distance_matrix" "MyKmeans" 
"is.data.frame" "colMeans" "update_M" "MyKmeans" 
"tcrossprod" "calculate_distance_matrix" "MyKmeans" 
"is.data.frame" "colMeans" "update_M" "MyKmeans" 
"tcrossprod" "calculate_distance_matrix" "MyKmeans" 
"is.data.frame" "colMeans" "update_M" "MyKmeans" 
"tcrossprod" "calculate_distance_matrix" "MyKmeans" 
"is.data.frame" "colMeans" "update_M" "MyKmeans" 
"matrix" "calculate_distance_matrix" "MyKmeans" 
"is.data.frame" "colMeans" "update_M" "MyKmeans" 
"tcrossprod" "calculate_distance_matrix" "MyKmeans" 
"is.data.frame" "colMeans" "update_M" "MyKmeans" 
"tcrossprod" "calculate_distance_matrix" "MyKmeans" 
"is.data.frame" "colMeans" "update_M" "MyKmeans" 
"tcrossprod" "calculate_distance_matrix" "MyKmeans" 
"is.data.frame" "colMeans" "update_M" "MyKmeans" 
"tcrossprod" "calculate_distance_matrix" "MyKmeans" 
"is.data.frame" "colMeans" "update_M" "MyKmeans" 
"as.matrix" "max.col" "MyKmeans" 
"is.data.frame" "colMeans" "update_M" "MyKmeans" 
"is.data.frame" "colMeans" "update_M" "MyKmeans" 
"is.data.frame" "colMeans" "update_M" "MyKmeans" 
"matrix" "calculate_distance_matrix" "MyKmeans" 
"is.data.frame" "colMeans" "update_M" "MyKmeans" 
"tcrossprod" "calculate_distance_matrix" "MyKmeans" 
"tcrossprod" "calculate_distance_matrix" "MyKmeans" 
"is.data.frame" "colMeans" "update_M" "MyKmeans" 
"tcrossprod" "calculate_distance_matrix" "MyKmeans" 
"is.data.frame" "colMeans" "update_M" "MyKmeans" 
"tcrossprod" "calculate_distance_matrix" "MyKmeans" 
"is.data.frame" "colMeans" "update_M" "MyKmeans" 
"is.data.frame" "colMeans" "update_M" "MyKmeans" 
"as.matrix" "max.col" "MyKmeans" 
"is.data.frame" "colMeans" "update_M" "MyKmeans" 
"is.data.frame" "colMeans" "update_M" "MyKmeans" 
"is.data.frame" "colMeans" "update_M" "MyKmeans" 
"matrix" "update_M" "MyKmeans" 
"tcrossprod" "calculate_distance_matrix" "MyKmeans" 
"is.data.frame" "colMeans" "update_M" "MyKmeans" 
"tcrossprod" "calculate_distance_matrix" "MyKmeans" 
"is.data.frame" "colMeans" "update_M" "MyKmeans" 
"is.data.frame" "colMeans" "update_M" "MyKmeans" 
"tcrossprod" "calculate_distance_matrix" "MyKmeans" 
"tcrossprod" "calculate_distance_matrix" "MyKmeans" 
"is.data.frame" "colMeans" "update_M" "MyKmeans" 
"tcrossprod" "calculate_distance_matrix" "MyKmeans" 
"is.data.frame" "colMeans" "update_M" "MyKmeans" 
"tcrossprod" "calculate_distance_matrix" "MyKmeans" 
"is.data.frame" "colMeans" "update_M" "MyKmeans" 
"tcrossprod" "calculate_distance_matrix" "MyKmeans" 
"is.data.frame" "colMeans" "update_M" "MyKmeans" 
"tcrossprod" "calculate_distance_matrix" "MyKmeans" 
"is.data.frame" "colMeans" "update_M" "MyKmeans" 
"tcrossprod" "calculate_distance_matrix" "MyKmeans" 
"is.data.frame" "colMeans" "update_M" "MyKmeans" 
"is.data.frame" "colMeans" "update_M" "MyKmeans" 
"tcrossprod" "calculate_distance_matrix" "MyKmeans" 
"is.data.frame" "colMeans" "update_M" "MyKmeans" 
"is.data.frame" "colMeans" "update_M" "MyKmeans" 
"is.data.frame" "colMeans" "update_M" "MyKmeans" 
"tcrossprod" "calculate_distance_matrix" "MyKmeans" 
"is.data.frame" "colMeans" "update_M" "MyKmeans" 
"tcrossprod" "calculate_distance_matrix" "MyKmeans" 
"calculate_distance_matrix" "MyKmeans" 
"tcrossprod" "calculate_distance_matrix" "MyKmeans" 
"is.data.frame" "colMeans" "update_M" "MyKmeans" 
"tcrossprod" "calculate_distance_matrix" "MyKmeans" 
"is.data.frame" "colMeans" "update_M" "MyKmeans" 
"tcrossprod" "calculate_distance_matrix" "MyKmeans" 
"is.data.frame" "colMeans" "update_M" "MyKmeans" 
"tcrossprod" "calculate_distance_matrix" "MyKmeans" 
"is.data.frame" "colMeans" "update_M" "MyKmeans" 
"tcrossprod" "calculate_distance_matrix" "MyKmeans" 
"is.data.frame" "colMeans" "update_M" "MyKmeans" 
"matrix" "calculate_distance_matrix" "MyKmeans" 
"is.data.frame" "colMeans" "update_M" "MyKmeans" 
"tcrossprod" "calculate_distance_matrix" "MyKmeans" 
"is.data.frame" "colMeans" "update_M" "MyKmeans" 
"matrix" "calculate_distance_matrix" "MyKmeans" 
"is.data.frame" "colMeans" "update_M" "MyKmeans" 
"matrix" "calculate_distance_matrix" "MyKmeans" 
"is.data.frame" "colMeans" "update_M" "MyKmeans" 
"tcrossprod" "calculate_distance_matrix" "MyKmeans" 
"is.data.frame" "colMeans" "update_M" "MyKmeans" 
"tcrossprod" "calculate_distance_matrix" "MyKmeans" 
"is.data.frame" "colMeans" "update_M" "MyKmeans" 
"tcrossprod" "calculate_distance_matrix" "MyKmeans" 
"is.data.frame" "colMeans" "update_M" "MyKmeans" 
"is.data.frame" "colMeans" "update_M" "MyKmeans" 
"is.data.frame" "colMeans" "update_M" "MyKmeans" 
"matrix" "calculate_distance_matrix" "MyKmeans" 
"is.data.frame" "colMeans" "update_M" "MyKmeans" 
"is.data.frame" "colMeans" "update_M" "MyKmeans" 
"is.data.frame" "colMeans" "update_M" "MyKmeans" 
"tcrossprod" "calculate_distance_matrix" "MyKmeans" 
"is.data.frame" "colMeans" "update_M" "MyKmeans" 
"is.data.frame" "colMeans" "update_M" "MyKmeans" 
"tcrossprod" "calculate_distance_matrix" "MyKmeans" 
"is.data.frame" "colMeans" "update_M" "MyKmeans" 
"tcrossprod" "calculate_distance_matrix" "MyKmeans" 
"is.data.frame" "colMeans" "update_M" "MyKmeans" 
"tcrossprod" "calculate_distance_matrix" "MyKmeans" 
"as.matrix" "max.col" "MyKmeans" 
"is.data.frame" "colMeans" "update_M" "MyKmeans" 
"is.data.frame" "colMeans" "update_M" "MyKmeans" 
"tcrossprod" "calculate_distance_matrix" "MyKmeans" 
"is.data.frame" "colMeans" "update_M" "MyKmeans" 
"tcrossprod" "calculate_distance_matrix" "MyKmeans" 
"is.data.frame" "colMeans" "update_M" "MyKmeans" 
"tcrossprod" "calculate_distance_matrix" "MyKmeans" 
"is.data.frame" "colMeans" "update_M" "MyKmeans" 
"tcrossprod" "calculate_distance_matrix" "MyKmeans" 
"is.data.frame" "colMeans" "update_M" "MyKmeans" 
"tcrossprod" "calculate_distance_matrix" "MyKmeans" 
"is.data.frame" "colMeans" "update_M" "MyKmeans" 
"tcrossprod" "calculate_distance_matrix" "MyKmeans" 
"is.data.frame" "colMeans" "update_M" "MyKmeans" 
"tcrossprod" "calculate_distance_matrix" "MyKmeans" 
"is.data.frame" "colMeans" "update_M" "MyKmeans" 
"tcrossprod" "calculate_distance_matrix" "MyKmeans" 
"is.data.frame" "colMeans" "update_M" "MyKmeans" 
"tcrossprod" "calculate_distance_matrix" "MyKmeans" 
"is.data.frame" "colMeans" "update_M" "MyKmeans" 
"tcrossprod" "calculate_distance_matrix" "MyKmeans" 
"colMeans" "update_M" "MyKmeans" 
